Start testing: Nov 07 15:35 EST
----------------------------------------------------------
Unable to find executable: /home/jeremy/Documents/repositories/LLVM-Basic-Code-Generation/test/Test
1/1 Testing: ALL_UNIT_TESTS
1/1 Test: ALL_UNIT_TESTS
Command: ""
Directory: /home/jeremy/Documents/repositories/LLVM-Basic-Code-Generation/test
"ALL_UNIT_TESTS" start time: 
Output:
----------------------------------------------------------
<end of output>
Test time =   0.00 sec
----------------------------------------------------------
Test Passed.
"ALL_UNIT_TESTS" end time: Nov 07 15:35 EST
"ALL_UNIT_TESTS" time elapsed: 00:00:00
----------------------------------------------------------

End testing: Nov 07 15:35 EST
