Start testing: Nov 18 17:57 EST
----------------------------------------------------------
1/1 Testing: ALL_UNIT_TESTS
1/1 Test: ALL_UNIT_TESTS
Command: "/home/jeremy/Documents/repositories/LLVM-Basic-Code-Generation/test/Test"
Directory: /home/jeremy/Documents/repositories/LLVM-Basic-Code-Generation/test
"ALL_UNIT_TESTS" start time: Nov 18 17:57 EST
Output:
----------------------------------------------------------
Running 3 test cases...
POSE2D TYPE: 0x55b98501f4b0

define %Pose2d* @tmp_proto(%Pose2d* %dst) {
entry:
  %gep_pose2_x = getelementptr %Pose2d, %Pose2d* %dst, i64 0, i32 0
  store double 2.000000e+00, double* %gep_pose2_x, align 8
  %gep_pose2_y = getelementptr inbounds %Pose2d, %Pose2d* %dst, i64 0, i32 1
  store double 3.000000e+00, double* %gep_pose2_y, align 8
  %gep_pose2_theta = getelementptr inbounds %Pose2d, %Pose2d* %dst, i64 0, i32 2
  store double 4.000000e+00, double* %gep_pose2_theta, align 8
  ret %Pose2d* %dst
}


define %PriorFactor* @tmp_proto(%Pose2d.0* %pose_ptr, %PriorFactor* %prior_dst) {
entry:
  %gep_prior_factor__noise_model = getelementptr %PriorFactor, %PriorFactor* %prior_dst, i64 0, i32 0
  store double 2.000000e+00, double* %gep_prior_factor__noise_model, align 8
  %gep_prior_factor__prior = getelementptr %PriorFactor, %PriorFactor* %prior_dst, i64 0, i32 1
  store %Pose2d.0* %pose_ptr, %Pose2d.0* %gep_prior_factor__prior, align 8
  ret %PriorFactor* %prior_dst
}


*** No errors detected
<end of output>
Test time =   0.01 sec
----------------------------------------------------------
Test Passed.
"ALL_UNIT_TESTS" end time: Nov 18 17:57 EST
"ALL_UNIT_TESTS" time elapsed: 00:00:00
----------------------------------------------------------

End testing: Nov 18 17:57 EST
