Start testing: Oct 30 13:10 EDT
----------------------------------------------------------
1/1 Testing: ALL_UNIT_TESTS
1/1 Test: ALL_UNIT_TESTS
Command: "/home/jeremy/Documents/repositories/LLVM-Basic-Code-Generation/test/Test"
Directory: /home/jeremy/Documents/repositories/LLVM-Basic-Code-Generation/test
"ALL_UNIT_TESTS" start time: Oct 30 13:10 EDT
Output:
----------------------------------------------------------
Running 1 test case...
/home/jeremy/Documents/repositories/LLVM-Basic-Code-Generation/test/lexer/test_lexer.cc(55): error: in "PassTest": check tokens[i] == expected[i] has failed

*** 1 failure is detected in the test module "SqrTests"
<end of output>
Test time =   0.00 sec
----------------------------------------------------------
Test Failed.
"ALL_UNIT_TESTS" end time: Oct 30 13:10 EDT
"ALL_UNIT_TESTS" time elapsed: 00:00:00
----------------------------------------------------------

End testing: Oct 30 13:10 EDT
